\BOOKMARK [0][-]{dummy.1}{\376\377\000A\000b\000s\000t\000r\000a\000c\000t}{}
\BOOKMARK [0][-]{dummy.2}{\376\377\000A\000c\000k\000n\000o\000w\000l\000e\000d\000g\000e\000m\000e\000n\000t}{}
\BOOKMARK [0][-]{dummy.3}{\376\377\000C\000o\000n\000t\000e\000n\000t\000s}{}
\BOOKMARK [0][-]{dummy.5}{\376\377\000L\000i\000s\000t\000\040\000o\000f\000\040\000F\000i\000g\000u\000r\000e\000s}{}
\BOOKMARK [0][-]{dummy.7}{\376\377\000L\000i\000s\000t\000\040\000o\000f\000\040\000T\000a\000b\000l\000e\000s}{}
\BOOKMARK [0][-]{chapter.9}{\376\377\0001\000\040\000I\000n\000t\000r\000o\000d\000u\000c\000t\000i\000o\000n}{}
\BOOKMARK [1][-]{section.10}{\376\377\0001\000.\0001\000\040\000C\000o\000m\000p\000u\000t\000e\000r\000i\000z\000e\000d\000\040\000A\000x\000i\000a\000l\000\040\000T\000o\000m\000o\000g\000r\000a\000p\000h\000y}{chapter.9}
\BOOKMARK [1][-]{section.12}{\376\377\0001\000.\0002\000\040\000O\000b\000j\000e\000c\000t\000i\000v\000e}{chapter.9}
\BOOKMARK [0][-]{chapter.14}{\376\377\0002\000\040\000T\000h\000e\000o\000r\000y}{}
\BOOKMARK [1][-]{section.15}{\376\377\0002\000.\0001\000\040\000M\000a\000t\000h\000e\000m\000a\000t\000i\000c\000a\000l\000\040\000D\000e\000s\000c\000r\000i\000p\000t\000i\000o\000n}{chapter.14}
\BOOKMARK [2][-]{section*.20}{\376\377\000T\000h\000e\000o\000r\000e\000m\000\040\0002\000.\0001\000.\000\040\000C\000e\000n\000t\000r\000a\000l\000\040\000s\000l\000i\000c\000e\000\040\000t\000h\000e\000o\000r\000e\000m\000.}{section.15}
\BOOKMARK [1][-]{section.29}{\376\377\0002\000.\0002\000\040\000D\000i\000s\000c\000r\000e\000t\000e\000\040\000M\000a\000t\000h\000e\000m\000a\000t\000i\000c\000a\000l\000\040\000M\000o\000d\000e\000l}{chapter.14}
\BOOKMARK [2][-]{subsection.30}{\376\377\0002\000.\0002\000.\0001\000\040\000R\000D\000f\000\040\000i\000s\000\040\000t\000h\000e\000\040\000d\000i\000s\000c\000r\000e\000t\000e\000\040\000R\000a\000d\000o\000n\000\040\000t\000r\000a\000n\000s\000f\000o\000r\000m\000.}{section.29}
\BOOKMARK [2][-]{subsection.33}{\376\377\0002\000.\0002\000.\0002\000\040\000F\000-\0001\000D\000\040\000\040\000i\000s\000\040\000t\000h\000e\000\040\000d\000i\000s\000c\000r\000e\000t\000e\000\040\000i\000n\000v\000e\000r\000s\000e\000\040\000F\000o\000u\000r\000i\000e\000r\000\040\000t\000r\000a\000n\000s\000f\000o\000r\000m\000.}{section.29}
\BOOKMARK [2][-]{subsection.36}{\376\377\0002\000.\0002\000.\0003\000\040\000\050\000\051\000\040\000d\000e\000n\000o\000t\000e\000s\000\040\000t\000h\000e\000\040\000d\000i\000s\000c\000r\000e\000t\000e\000\040\000c\000o\000n\000v\000o\000l\000u\000t\000i\000o\000n\000.}{section.29}
\BOOKMARK [2][-]{subsection.37}{\376\377\0002\000.\0002\000.\0004\000\040\000I\000\040\000i\000s\000\040\000t\000h\000e\000\040\000W\000-\000i\000n\000t\000e\000r\000p\000o\000l\000a\000t\000i\000o\000n\000\040\000f\000u\000n\000c\000t\000i\000o\000n\000.}{section.29}
\BOOKMARK [2][-]{subsection.40}{\376\377\0002\000.\0002\000.\0005\000\040\000B\000D\000\040\000i\000s\000\040\000t\000h\000e\000\040\000d\000i\000s\000c\000r\000e\000t\000e\000\040\000b\000a\000c\000k\000\040\000p\000r\000o\000j\000e\000c\000t\000i\000o\000n\000.}{section.29}
\BOOKMARK [1][-]{section.41}{\376\377\0002\000.\0003\000\040\000D\000i\000s\000c\000r\000e\000t\000e\000\040\000I\000m\000a\000g\000e\000\040\000R\000e\000c\000o\000n\000s\000t\000r\000u\000c\000t\000i\000o\000n\000\040\000A\000l\000g\000o\000r\000i\000t\000h\000m}{chapter.14}
\BOOKMARK [0][-]{chapter.43}{\376\377\0003\000\040\000D\000e\000s\000i\000g\000n\000\040\000a\000n\000d\000\040\000I\000m\000p\000l\000e\000m\000e\000n\000t\000a\000t\000i\000o\000n}{}
\BOOKMARK [1][-]{section.44}{\376\377\0003\000.\0001\000\040\000A\000r\000c\000h\000i\000t\000e\000c\000t\000u\000r\000a\000l\000\040\000D\000e\000s\000i\000g\000n}{chapter.43}
\BOOKMARK [1][-]{section.46}{\376\377\0003\000.\0002\000\040\000I\000m\000p\000l\000e\000m\000e\000n\000t\000a\000t\000i\000o\000n\000\040\000A\000p\000p\000r\000o\000a\000c\000h}{chapter.43}
\BOOKMARK [1][-]{section.47}{\376\377\0003\000.\0003\000\040\000A\000\040\000T\000o\000p\000\040\000L\000e\000v\000e\000l\000\040\000D\000e\000s\000i\000g\000n\000\040\000o\000f\000\040\000t\000h\000e\000\040\000S\000o\000f\000t\000w\000a\000r\000e}{chapter.43}
\BOOKMARK [2][-]{subsection.48}{\376\377\0003\000.\0003\000.\0001\000\040\000I\000m\000a\000g\000e\000\040\000C\000l\000a\000s\000s}{section.47}
\BOOKMARK [2][-]{subsection.49}{\376\377\0003\000.\0003\000.\0002\000\040\000I\000m\000a\000g\000e\000R\000e\000c\000o\000n\000s\000t\000r\000u\000c\000t\000\040\000C\000l\000a\000s\000s}{section.47}
\BOOKMARK [2][-]{subsection.50}{\376\377\0003\000.\0003\000.\0003\000\040\000I\000n\000t\000e\000r\000p\000o\000l\000a\000t\000o\000r\000\040\000C\000l\000a\000s\000s}{section.47}
\BOOKMARK [3][-]{section*.51}{\376\377\000L\000i\000n\000e\000a\000r\000I\000n\000t\000e\000r\000p\000o\000l\000a\000t\000o\000r\000\040\000C\000l\000a\000s\000s\000.}{subsection.50}
\BOOKMARK [4][-]{section*.52}{\376\377\000N\000e\000a\000r\000e\000s\000t\000N\000e\000i\000g\000h\000b\000o\000r\000I\000n\000t\000e\000r\000p\000o\000l\000a\000t\000o\000r\000\040\000C\000l\000a\000s\000s\000.}{section*.51}
\BOOKMARK [2][-]{subsection.53}{\376\377\0003\000.\0003\000.\0004\000\040\000F\000i\000l\000t\000e\000r\000\040\000C\000l\000a\000s\000s}{section.47}
\BOOKMARK [3][-]{section*.54}{\376\377\000S\000h\000e\000p\000p\000L\000o\000g\000a\000n\000F\000i\000l\000t\000e\000r\000\040\000C\000l\000a\000s\000s\000.}{subsection.53}
\BOOKMARK [4][-]{section*.55}{\376\377\000R\000a\000m\000L\000a\000k\000F\000i\000l\000t\000e\000r\000\040\000C\000l\000a\000s\000s\000.}{section*.54}
\BOOKMARK [4][-]{section*.56}{\376\377\000L\000o\000w\000P\000a\000s\000s\000C\000o\000s\000i\000n\000e\000F\000i\000l\000t\000e\000r\000\040\000C\000l\000a\000s\000s\000.}{section*.54}
\BOOKMARK [0][-]{chapter.57}{\376\377\0004\000\040\000R\000e\000s\000u\000l\000t\000s}{}
\BOOKMARK [1][-]{section.58}{\376\377\0004\000.\0001\000\040\000S\000y\000s\000t\000e\000m\000\040\000I\000n\000p\000u\000t\000s}{chapter.57}
\BOOKMARK [1][-]{section.60}{\376\377\0004\000.\0002\000\040\000S\000y\000s\000t\000e\000m\000\040\000O\000u\000t\000p\000u\000t\000s}{chapter.57}
\BOOKMARK [2][-]{subsection.61}{\376\377\0004\000.\0002\000.\0001\000\040\000T\000e\000s\000t\000\040\000c\000a\000s\000e\000\040\0001\000:}{section.60}
\BOOKMARK [3][-]{section*.62}{\376\377\000R\000a\000d\000o\000n\000\040\000T\000r\000a\000n\000s\000f\000o\000r\000m\000a\000t\000i\000o\000n}{subsection.61}
\BOOKMARK [4][-]{section*.64}{\376\377\000C\000o\000n\000v\000o\000l\000u\000t\000i\000o\000n}{section*.62}
\BOOKMARK [4][-]{section*.66}{\376\377\000B\000a\000c\000k\000\040\000p\000r\000o\000j\000e\000c\000t\000i\000o\000n\000\040\000T\000r\000a\000n\000s\000f\000o\000r\000m\000a\000t\000i\000o\000n}{section*.62}
\BOOKMARK [2][-]{subsection.69}{\376\377\0004\000.\0002\000.\0002\000\040\000T\000e\000s\000t\000\040\000c\000a\000s\000e\000\040\0002\000:}{section.60}
\BOOKMARK [1][-]{section.71}{\376\377\0004\000.\0003\000\040\000P\000e\000r\000f\000o\000r\000m\000a\000n\000c\000e\000\040\000A\000n\000a\000l\000y\000s\000i\000s\000\040}{chapter.57}
\BOOKMARK [0][-]{appendix.73}{\376\377\000A\000\040\000C\000a\000l\000c\000u\000l\000a\000t\000i\000n\000g\000\040\000C\000o\000o\000r\000d\000i\000n\000a\000t\000e\000s\000\040\000f\000o\000r\000\040\000L\000i\000n\000e\000\040\000I\000n\000t\000e\000g\000r\000a\000l\000s\000\040\000o\000f\000\040\000R\000a\000d\000o\000n\000\040\000T\000r\000a\000n\000s\000f\000o\000r\000m}{}
\BOOKMARK [0][-]{dummy.80}{\376\377\000B\000i\000b\000l\000i\000o\000g\000r\000a\000p\000h\000y}{}
